Release 14.7 - xst P.20131013 (nt64)
Copyright (c) 1995-2013 Xilinx, Inc.  All rights reserved.
--> Parameter TMPDIR set to xst/projnav.tmp


Total REAL time to Xst completion: 0.00 secs
Total CPU time to Xst completion: 0.13 secs
 
--> Parameter xsthdpdir set to xst


Total REAL time to Xst completion: 0.00 secs
Total CPU time to Xst completion: 0.13 secs
 
--> Reading design: Lab05B.prj

TABLE OF CONTENTS
  1) Synthesis Options Summary
  2) HDL Parsing
  3) HDL Elaboration
  4) HDL Synthesis
       4.1) HDL Synthesis Report
  5) Advanced HDL Synthesis
       5.1) Advanced HDL Synthesis Report
  6) Low Level Synthesis
  7) Partition Report
  8) Design Summary
       8.1) Primitive and Black Box Usage
       8.2) Device utilization summary
       8.3) Partition Resource Summary
       8.4) Timing Report
            8.4.1) Clock Information
            8.4.2) Asynchronous Control Signals Information
            8.4.3) Timing Summary
            8.4.4) Timing Details
            8.4.5) Cross Clock Domains Report


=========================================================================
*                      Synthesis Options Summary                        *
=========================================================================
---- Source Parameters
Input File Name                    : "Lab05B.prj"
Ignore Synthesis Constraint File   : NO

---- Target Parameters
Output File Name                   : "Lab05B"
Output Format                      : NGC
Target Device                      : xc6slx9-3-tqg144

---- Source Options
Top Module Name                    : Lab05B
Automatic FSM Extraction           : YES
FSM Encoding Algorithm             : Auto
Safe Implementation                : No
FSM Style                          : LUT
RAM Extraction                     : Yes
RAM Style                          : Auto
ROM Extraction                     : Yes
Shift Register Extraction          : YES
ROM Style                          : Auto
Resource Sharing                   : YES
Asynchronous To Synchronous        : NO
Shift Register Minimum Size        : 2
Use DSP Block                      : Auto
Automatic Register Balancing       : No

---- Target Options
LUT Combining                      : Auto
Reduce Control Sets                : Auto
Add IO Buffers                     : YES
Global Maximum Fanout              : 100000
Add Generic Clock Buffer(BUFG)     : 16
Register Duplication               : YES
Optimize Instantiated Primitives   : NO
Use Clock Enable                   : Auto
Use Synchronous Set                : Auto
Use Synchronous Reset              : Auto
Pack IO Registers into IOBs        : Auto
Equivalent register Removal        : YES

---- General Options
Optimization Goal                  : Speed
Optimization Effort                : 1
Power Reduction                    : NO
Keep Hierarchy                     : No
Netlist Hierarchy                  : As_Optimized
RTL Output                         : Yes
Global Optimization                : AllClockNets
Read Cores                         : YES
Write Timing Constraints           : NO
Cross Clock Analysis               : NO
Hierarchy Separator                : /
Bus Delimiter                      : <>
Case Specifier                     : Maintain
Slice Utilization Ratio            : 100
BRAM Utilization Ratio             : 100
DSP48 Utilization Ratio            : 100
Auto BRAM Packing                  : NO
Slice Utilization Ratio Delta      : 5

=========================================================================


=========================================================================
*                          HDL Parsing                                  *
=========================================================================
Parsing VHDL file "C:\Digital Lab\Lab05B\BCD7SEG.vhd" into library work
Parsing entity <bcd_7seg>.
Parsing architecture <Behavioral> of entity <bcd_7seg>.
Parsing VHDL file "C:\Digital Lab\Lab05B\Lab05B.vhf" into library work
Parsing entity <FJKC_HXILINX_Lab05B>.
Parsing architecture <Behavioral> of entity <fjkc_hxilinx_lab05b>.
Parsing entity <Lab05B>.
Parsing architecture <BEHAVIORAL> of entity <lab05b>.

=========================================================================
*                            HDL Elaboration                            *
=========================================================================

Elaborating entity <Lab05B> (architecture <BEHAVIORAL>) from library <work>.

Elaborating entity <FJKC_HXILINX_Lab05B> (architecture <Behavioral>) with generics from library <work>.

Elaborating entity <bcd_7seg> (architecture <Behavioral>) from library <work>.

=========================================================================
*                           HDL Synthesis                               *
=========================================================================

Synthesizing Unit <Lab05B>.
    Related source file is "C:\Digital Lab\Lab05B\Lab05B.vhf".
    Set property "HU_SET = XLXI_1_0" for instance <XLXI_1>.
    Set property "HU_SET = XLXI_2_1" for instance <XLXI_2>.
    Set property "HU_SET = XLXI_3_2" for instance <XLXI_3>.
    Summary:
	no macro.
Unit <Lab05B> synthesized.

Synthesizing Unit <FJKC_HXILINX_Lab05B>.
    Related source file is "C:\Digital Lab\Lab05B\Lab05B.vhf".
        INIT = '0'
    Found 1-bit register for signal <q_tmp>.
    Summary:
	inferred   1 D-type flip-flop(s).
	inferred   2 Multiplexer(s).
Unit <FJKC_HXILINX_Lab05B> synthesized.

Synthesizing Unit <bcd_7seg>.
    Related source file is "C:\Digital Lab\Lab05B\BCD7SEG.vhd".
    Summary:
	no macro.
Unit <bcd_7seg> synthesized.

=========================================================================
HDL Synthesis Report

Macro Statistics
# Registers                                            : 3
 1-bit register                                        : 3
# Multiplexers                                         : 6
 1-bit 2-to-1 multiplexer                              : 6

=========================================================================

=========================================================================
*                       Advanced HDL Synthesis                          *
=========================================================================


=========================================================================
Advanced HDL Synthesis Report

Macro Statistics
# Registers                                            : 3
 Flip-Flops                                            : 3
# Multiplexers                                         : 6
 1-bit 2-to-1 multiplexer                              : 6

=========================================================================

=========================================================================
*                         Low Level Synthesis                           *
=========================================================================

Optimizing unit <Lab05B> ...

Optimizing unit <FJKC_HXILINX_Lab05B> ...

Mapping all equations...
Building and optimizing final netlist ...
Found area constraint ratio of 100 (+ 5) on block Lab05B, actual ratio is 0.

Final Macro Processing ...

=========================================================================
Final Register Report

Macro Statistics
# Registers                                            : 3
 Flip-Flops                                            : 3

=========================================================================

=========================================================================
*                           Partition Report                            *
=========================================================================

Partition Implementation Status
-------------------------------

  No Partitions were found in this design.

-------------------------------

=========================================================================
*                            Design Summary                             *
=========================================================================

Top Level Output File Name         : Lab05B.ngc

Primitive and Black Box Usage:
------------------------------
# BELS                             : 14
#      AND2                        : 1
#      GND                         : 1
#      INV                         : 1
#      LUT3                        : 9
#      OR2                         : 1
#      VCC                         : 1
# FlipFlops/Latches                : 3
#      FDC                         : 3
# Clock Buffers                    : 1
#      BUFGP                       : 1
# IO Buffers                       : 15
#      IBUF                        : 1
#      OBUF                        : 14

Device utilization summary:
---------------------------

Selected Device : 6slx9tqg144-3 


Slice Logic Utilization: 
 Number of Slice Registers:               3  out of  11440     0%  
 Number of Slice LUTs:                   10  out of   5720     0%  
    Number used as Logic:                10  out of   5720     0%  

Slice Logic Distribution: 
 Number of LUT Flip Flop pairs used:     13
   Number with an unused Flip Flop:      10  out of     13    76%  
   Number with an unused LUT:             3  out of     13    23%  
   Number of fully used LUT-FF pairs:     0  out of     13     0%  
   Number of unique control sets:         3

IO Utilization: 
 Number of IOs:                          16
 Number of bonded IOBs:                  16  out of    102    15%  

Specific Feature Utilization:
 Number of BUFG/BUFGCTRLs:                1  out of     16     6%  

---------------------------
Partition Resource Summary:
---------------------------

  No Partitions were found in this design.

---------------------------


=========================================================================
Timing Report

NOTE: THESE TIMING NUMBERS ARE ONLY A SYNTHESIS ESTIMATE.
      FOR ACCURATE TIMING INFORMATION PLEASE REFER TO THE TRACE REPORT
      GENERATED AFTER PLACE-and-ROUTE.

Clock Information:
------------------
-----------------------------------+------------------------+-------+
Clock Signal                       | Clock buffer(FF name)  | Load  |
-----------------------------------+------------------------+-------+
PB1_P45                            | BUFGP                  | 3     |
-----------------------------------+------------------------+-------+

Asynchronous Control Signals Information:
----------------------------------------
No asynchronous control signals found in this design

Timing Summary:
---------------
Speed Grade: -3

   Minimum period: 2.810ns (Maximum Frequency: 355.916MHz)
   Minimum input arrival time before clock: 2.302ns
   Maximum output required time after clock: 4.939ns
   Maximum combinational path delay: No path found

Timing Details:
---------------
All values displayed in nanoseconds (ns)

=========================================================================
Timing constraint: Default period analysis for Clock 'PB1_P45'
  Clock period: 2.810ns (frequency: 355.916MHz)
  Total number of paths / destination ports: 9 / 3
-------------------------------------------------------------------------
Delay:               2.810ns (Levels of Logic = 3)
  Source:            XLXI_3/q_tmp (FF)
  Destination:       XLXI_2/q_tmp (FF)
  Source Clock:      PB1_P45 rising
  Destination Clock: PB1_P45 rising

  Data Path: XLXI_3/q_tmp to XLXI_2/q_tmp
                                Gate     Net
    Cell:in->out      fanout   Delay   Delay  Logical Name (Net Name)
    ----------------------------------------  ------------
     FDC:C->Q             12   0.447   1.253  q_tmp (q_tmp)
     end scope: 'XLXI_3:Q'
     OR2:I1->O             1   0.223   0.580  XLXI_7 (XLXN_6)
     begin scope: 'XLXI_2:K'
     LUT3:I2->O            1   0.205   0.000  q_tmp_rstpot (q_tmp_rstpot)
     FDC:D                     0.102          q_tmp
    ----------------------------------------
    Total                      2.810ns (0.977ns logic, 1.833ns route)
                                       (34.8% logic, 65.2% route)

=========================================================================
Timing constraint: Default OFFSET IN BEFORE for Clock 'PB1_P45'
  Total number of paths / destination ports: 3 / 3
-------------------------------------------------------------------------
Offset:              2.302ns (Levels of Logic = 2)
  Source:            SW3_P59 (PAD)
  Destination:       XLXI_3/q_tmp (FF)
  Destination Clock: PB1_P45 rising

  Data Path: SW3_P59 to XLXI_3/q_tmp
                                Gate     Net
    Cell:in->out      fanout   Delay   Delay  Logical Name (Net Name)
    ----------------------------------------  ------------
     IBUF:I->O             3   1.222   0.650  SW3_P59_IBUF (SW3_P59_IBUF)
     begin scope: 'XLXI_3:CLR'
     FDC:CLR                   0.430          q_tmp
    ----------------------------------------
    Total                      2.302ns (1.652ns logic, 0.650ns route)
                                       (71.8% logic, 28.2% route)

=========================================================================
Timing constraint: Default OFFSET OUT AFTER for Clock 'PB1_P45'
  Total number of paths / destination ports: 24 / 10
-------------------------------------------------------------------------
Offset:              4.939ns (Levels of Logic = 3)
  Source:            XLXI_3/q_tmp (FF)
  Destination:       SEGe_P32 (PAD)
  Source Clock:      PB1_P45 rising

  Data Path: XLXI_3/q_tmp to SEGe_P32
                                Gate     Net
    Cell:in->out      fanout   Delay   Delay  Logical Name (Net Name)
    ----------------------------------------  ------------
     FDC:C->Q             12   0.447   1.137  q_tmp (q_tmp)
     end scope: 'XLXI_3:Q'
     LUT3:I0->O            1   0.205   0.579  XLXI_10/E1 (SEGe_P32_OBUF)
     OBUF:I->O                 2.571          SEGe_P32_OBUF (SEGe_P32)
    ----------------------------------------
    Total                      4.939ns (3.223ns logic, 1.716ns route)
                                       (65.3% logic, 34.7% route)

=========================================================================

Cross Clock Domains Report:
--------------------------

Clock to Setup on destination clock PB1_P45
---------------+---------+---------+---------+---------+
               | Src:Rise| Src:Fall| Src:Rise| Src:Fall|
Source Clock   |Dest:Rise|Dest:Rise|Dest:Fall|Dest:Fall|
---------------+---------+---------+---------+---------+
PB1_P45        |    2.810|         |         |         |
---------------+---------+---------+---------+---------+

=========================================================================


Total REAL time to Xst completion: 7.00 secs
Total CPU time to Xst completion: 6.94 secs
 
--> 

Total memory usage is 4493624 kilobytes

Number of errors   :    0 (   0 filtered)
Number of warnings :    0 (   0 filtered)
Number of infos    :    0 (   0 filtered)

