--------------------------------------------------------------------------------
Release 14.7 Trace  (nt64)
Copyright (c) 1995-2013 Xilinx, Inc.  All rights reserved.

C:\Xilinx\14.7\ISE_DS\ISE\bin\nt64\unwrapped\trce.exe -intstyle ise -v 3 -s 3
-n 3 -fastpaths -xml Lab06.twx Lab06.ncd -o Lab06.twr Lab06.pcf -ucf Lab06.ucf

Design file:              Lab06.ncd
Physical constraint file: Lab06.pcf
Device,package,speed:     xc6slx9,tqg144,C,-3 (PRODUCTION 1.23 2013-10-13)
Report level:             verbose report

Environment Variable      Effect 
--------------------      ------ 
NONE                      No environment variables were set
--------------------------------------------------------------------------------

INFO:Timing:2698 - No timing constraints found, doing default enumeration.
INFO:Timing:3412 - To improve timing, see the Timing Closure User Guide (UG612).
INFO:Timing:2752 - To get complete path coverage, use the unconstrained paths 
   option. All paths that are not constrained will be reported in the 
   unconstrained paths section(s) of the report.
INFO:Timing:3339 - The clock-to-out numbers in this timing report are based on 
   a 50 Ohm transmission line loading model.  For the details of this model, 
   and for more information on accounting for different loading conditions, 
   please see the device datasheet.



Data Sheet report:
-----------------
All values displayed in nanoseconds (ns)

Clock SW1_P48 to Pad
------------+-----------------+------------+-----------------+------------+------------------+--------+
            |Max (slowest) clk|  Process   |Min (fastest) clk|  Process   |                  | Clock  |
Destination |  (edge) to PAD  |   Corner   |  (edge) to PAD  |   Corner   |Internal Clock(s) | Phase  |
------------+-----------------+------------+-----------------+------------+------------------+--------+
BUZZER_P83  |        11.253(R)|      SLOW  |         6.180(R)|      FAST  |XLXN_201          |   0.000|
a_P41       |        10.911(R)|      SLOW  |         5.608(R)|      FAST  |XLXN_201          |   0.000|
b_P40       |        11.168(R)|      SLOW  |         6.075(R)|      FAST  |XLXN_201          |   0.000|
c_P35       |        10.639(R)|      SLOW  |         5.807(R)|      FAST  |XLXN_201          |   0.000|
d_P34       |        11.038(R)|      SLOW  |         5.764(R)|      FAST  |XLXN_201          |   0.000|
e_P32       |        10.701(R)|      SLOW  |         5.825(R)|      FAST  |XLXN_201          |   0.000|
f_P29       |        11.099(R)|      SLOW  |         5.715(R)|      FAST  |XLXN_201          |   0.000|
g_P27       |        11.210(R)|      SLOW  |         5.845(R)|      FAST  |XLXN_201          |   0.000|
------------+-----------------+------------+-----------------+------------+------------------+--------+

Clock to Setup on destination clock CLK
---------------+---------+---------+---------+---------+
               | Src:Rise| Src:Fall| Src:Rise| Src:Fall|
Source Clock   |Dest:Rise|Dest:Rise|Dest:Fall|Dest:Fall|
---------------+---------+---------+---------+---------+
CLK            |    0.909|         |         |         |
---------------+---------+---------+---------+---------+

Clock to Setup on destination clock SW1_P48
---------------+---------+---------+---------+---------+
               | Src:Rise| Src:Fall| Src:Rise| Src:Fall|
Source Clock   |Dest:Rise|Dest:Rise|Dest:Fall|Dest:Fall|
---------------+---------+---------+---------+---------+
SW1_P48        |    2.921|         |         |         |
---------------+---------+---------+---------+---------+


Analysis completed Mon Oct 21 10:55:05 2019 
--------------------------------------------------------------------------------

Trace Settings:
-------------------------
Trace Settings 

Peak Memory Usage: 4571 MB



